<?xml version="1.0" encoding="utf-8" standalone="no"?>
<!--This file represents the results of running a test suite-->
<test-results name="C:\dev\interviews\fellowshipTech\FellowshipLib\FellowshipLib.csproj" total="24" errors="0" failures="0" not-run="0" inconclusive="0" ignored="0" skipped="0" invalid="0" date="2011-07-07" time="20:32:36">
  <environment nunit-version="2.5.9.10348" clr-version="2.0.50727.5446" os-version="Microsoft Windows NT 6.1.7601 Service Pack 1" platform="Win32NT" cwd="C:\Program Files (x86)\NUnit 2.5.9\bin\net-2.0" machine-name="STEVENPROCTEA4D" user="Administrator" user-domain="STEVENPROCTEA4D" />
  <culture-info current-culture="en-US" current-uiculture="en-US" />
  <test-suite type="Project" name="C:\dev\interviews\fellowshipTech\FellowshipLib\FellowshipLib.csproj" executed="True" result="Success" success="True" time="3.234" asserts="0">
    <results>
      <test-suite type="Assembly" name="C:\dev\interviews\fellowshipTech\FellowshipLib\bin\Debug\FellowshipLib.dll" executed="True" result="Success" success="True" time="3.203" asserts="0">
        <results>
          <test-suite type="Namespace" name="FellowshipLib" executed="True" result="Success" success="True" time="3.203" asserts="0">
            <results>
              <test-suite type="Namespace" name="Tests" executed="True" result="Success" success="True" time="3.203" asserts="0">
                <results>
                  <test-suite type="TestFixture" name="AddressLookupByPersonTests" executed="True" result="Success" success="True" time="1.344" asserts="0">
                    <results>
                      <test-case name="FellowshipLib.Tests.AddressLookupByPersonTests.WhenFindingAddressesByAnInvalidPersonId_ThenTheAddressesShouldBeNull" executed="True" result="Success" success="True" time="1.031" asserts="0">
                        <categories>
                          <category name="IntegrationTest" />
                        </categories>
                      </test-case>
                      <test-case name="FellowshipLib.Tests.AddressLookupByPersonTests.WhenFindingAddressesByAValidPersonId_ThenTheAddressesShouldNotBeNull" executed="True" result="Success" success="True" time="0.281" asserts="0">
                        <categories>
                          <category name="IntegrationTest" />
                        </categories>
                      </test-case>
                    </results>
                  </test-suite>
                  <test-suite type="TestFixture" name="CommunicationsLookupByPersonTests" executed="True" result="Success" success="True" time="0.109" asserts="0">
                    <results>
                      <test-case name="FellowshipLib.Tests.CommunicationsLookupByPersonTests.WhenSearchingForCommunicationsByAnInvalidUser_TheResultShouldBeNull" executed="True" result="Success" success="True" time="0.063" asserts="0">
                        <categories>
                          <category name="IntegrationTest" />
                        </categories>
                      </test-case>
                      <test-case name="FellowshipLib.Tests.CommunicationsLookupByPersonTests.WhenSearchingForCommunicationsByAValidUser_TheResultShouldNotBeNull" executed="True" result="Success" success="True" time="0.047" asserts="0">
                        <categories>
                          <category name="IntegrationTest" />
                        </categories>
                      </test-case>
                    </results>
                  </test-suite>
                  <test-suite type="TestFixture" name="EditAddressRequestTests" executed="True" result="Success" success="True" time="0.234" asserts="0">
                    <results>
                      <test-suite type="ParameterizedTest" name="WhenCallingEditAddressFor_AnInvalidPerson_AndAValidAddressId_ItShouldReturnThatAddress" executed="True" result="Success" success="True" time="0.078" asserts="0">
                        <categories>
                          <category name="IntegrationTest" />
                        </categories>
                        <results>
                          <test-case name="FellowshipLib.Tests.EditAddressRequestTests.WhenCallingEditAddressFor_AnInvalidPerson_AndAValidAddressId_ItShouldReturnThatAddress()" executed="True" result="Success" success="True" time="0.078" asserts="1" />
                        </results>
                      </test-suite>
                      <test-suite type="ParameterizedTest" name="WhenCallingEditAddressFor_AnValidPerson_AndAnInvalidAddressId_ItShouldFail" executed="True" result="Success" success="True" time="0.094" asserts="0">
                        <categories>
                          <category name="IntegrationTest" />
                        </categories>
                        <results>
                          <test-case name="FellowshipLib.Tests.EditAddressRequestTests.WhenCallingEditAddressFor_AnValidPerson_AndAnInvalidAddressId_ItShouldFail()" executed="True" result="Success" success="True" time="0.078" asserts="1" />
                        </results>
                      </test-suite>
                      <test-suite type="ParameterizedTest" name="WhenCallingEditAddressFor_AValidPerson_AndAValidAddressId_ItShouldReturnThatAddress" executed="True" result="Success" success="True" time="0.063" asserts="0">
                        <categories>
                          <category name="IntegrationTest" />
                        </categories>
                        <results>
                          <test-case name="FellowshipLib.Tests.EditAddressRequestTests.WhenCallingEditAddressFor_AValidPerson_AndAValidAddressId_ItShouldReturnThatAddress()" executed="True" result="Success" success="True" time="0.063" asserts="1" />
                        </results>
                      </test-suite>
                    </results>
                  </test-suite>
                  <test-suite type="Namespace" name="Extensions" executed="True" result="Success" success="True" time="0.000" asserts="0">
                    <results>
                      <test-suite type="TestFixture" name="SafeTrimTests" executed="True" result="Success" success="True" time="0.000" asserts="0">
                        <results>
                          <test-suite type="ParameterizedTest" name="WhenSafeTrimIsCalledOnAString_TheStringShouldBeTrimmed" executed="True" result="Success" success="True" time="0.000" asserts="0">
                            <results>
                              <test-case name="FellowshipLib.Tests.Extensions.SafeTrimTests.WhenSafeTrimIsCalledOnAString_TheStringShouldBeTrimmed(&quot;    &quot;,&quot;&quot;)" executed="True" result="Success" success="True" time="0.000" asserts="1" />
                              <test-case name="FellowshipLib.Tests.Extensions.SafeTrimTests.WhenSafeTrimIsCalledOnAString_TheStringShouldBeTrimmed(null,&quot;&quot;)" executed="True" result="Success" success="True" time="0.000" asserts="1" />
                              <test-case name="FellowshipLib.Tests.Extensions.SafeTrimTests.WhenSafeTrimIsCalledOnAString_TheStringShouldBeTrimmed(&quot;&quot;,&quot;&quot;)" executed="True" result="Success" success="True" time="0.000" asserts="1" />
                              <test-case name="FellowshipLib.Tests.Extensions.SafeTrimTests.WhenSafeTrimIsCalledOnAString_TheStringShouldBeTrimmed(&quot;   1234&quot;,&quot;1234&quot;)" executed="True" result="Success" success="True" time="0.000" asserts="1" />
                              <test-case name="FellowshipLib.Tests.Extensions.SafeTrimTests.WhenSafeTrimIsCalledOnAString_TheStringShouldBeTrimmed(&quot;1234&quot;,&quot;1234&quot;)" executed="True" result="Success" success="True" time="0.000" asserts="1" />
                              <test-case name="FellowshipLib.Tests.Extensions.SafeTrimTests.WhenSafeTrimIsCalledOnAString_TheStringShouldBeTrimmed(&quot;1234  &quot;,&quot;1234&quot;)" executed="True" result="Success" success="True" time="0.000" asserts="1" />
                              <test-case name="FellowshipLib.Tests.Extensions.SafeTrimTests.WhenSafeTrimIsCalledOnAString_TheStringShouldBeTrimmed(&quot;   1234  &quot;,&quot;1234&quot;)" executed="True" result="Success" success="True" time="0.000" asserts="1" />
                            </results>
                          </test-suite>
                        </results>
                      </test-suite>
                    </results>
                  </test-suite>
                  <test-suite type="TestFixture" name="HouseholdLookupTests" executed="True" result="Success" success="True" time="0.250" asserts="0">
                    <results>
                      <test-case name="FellowshipLib.Tests.HouseholdLookupTests.WhenFindingPeopleInAHousehold_EveryPersonInShouldHaveThatHouseholdId" executed="True" result="Success" success="True" time="0.250" asserts="0">
                        <categories>
                          <category name="IntegrationTest" />
                        </categories>
                      </test-case>
                    </results>
                  </test-suite>
                  <test-suite type="TestFixture" name="PersonLookupTests" executed="True" result="Success" success="True" time="0.156" asserts="0">
                    <results>
                      <test-case name="FellowshipLib.Tests.PersonLookupTests.WhenSearchingForAUserByAnInvalidId_TheUserShouldNotBeNull" executed="True" result="Success" success="True" time="0.109" asserts="0">
                        <categories>
                          <category name="IntegrationTests" />
                        </categories>
                      </test-case>
                      <test-case name="FellowshipLib.Tests.PersonLookupTests.WhenSearchingForAUserByAValidId_TheUserShouldNotBeNull" executed="True" result="Success" success="True" time="0.047" asserts="0">
                        <categories>
                          <category name="IntegrationTests" />
                        </categories>
                      </test-case>
                    </results>
                  </test-suite>
                  <test-suite type="TestFixture" name="PersonSearchTests" executed="True" result="Success" success="True" time="1.078" asserts="0">
                    <results>
                      <test-case name="FellowshipLib.Tests.PersonSearchTests.WhenSearchingForAPerson_AndAPageNumberIsSpecified_ItShouldReturnTheResultsForThatPage" executed="True" result="Success" success="True" time="0.281" asserts="0">
                        <categories>
                          <category name="IntegrationTest" />
                        </categories>
                      </test-case>
                      <test-case name="FellowshipLib.Tests.PersonSearchTests.WhenSearchingForAPerson_AndAPageNumberLargerThanTheTotalPagesIsSpecified_ItShouldReturnNoResultsForThatPage" executed="True" result="Success" success="True" time="0.234" asserts="0">
                        <categories>
                          <category name="IntegrationTest" />
                        </categories>
                      </test-case>
                      <test-case name="FellowshipLib.Tests.PersonSearchTests.WhenSearchingForAPerson_WithANameOfA_ItShouldReturnAPeopleSearchResults" executed="True" result="Success" success="True" time="0.188" asserts="0">
                        <categories>
                          <category name="IntegrationTest" />
                        </categories>
                      </test-case>
                      <test-case name="FellowshipLib.Tests.PersonSearchTests.WhenSearchingForAPerson_WithANameOfMeyer_ItShouldReturnAPeopleSearchResults" executed="True" result="Success" success="True" time="0.078" asserts="0">
                        <categories>
                          <category name="IntegrationTest" />
                        </categories>
                      </test-case>
                      <test-case name="FellowshipLib.Tests.PersonSearchTests.WhenSearchingForAPerson_WithANameOfTwoSpaces" executed="True" result="Success" success="True" time="0.047" asserts="0">
                        <categories>
                          <category name="IntegrationTest" />
                        </categories>
                      </test-case>
                      <test-case name="FellowshipLib.Tests.PersonSearchTests.WhenSearchingForAPerson_WithANameThatDoesntExists_ItShouldNotBeNull" executed="True" result="Success" success="True" time="0.063" asserts="0">
                        <categories>
                          <category name="IntegrationTest" />
                        </categories>
                      </test-case>
                      <test-case name="FellowshipLib.Tests.PersonSearchTests.WhenSearchingForAPerson_WithNoNameSpecified_ItShouldBeTheSameAsAWildcardSearch" executed="True" result="Success" success="True" time="0.188" asserts="0">
                        <categories>
                          <category name="IntegrationTest" />
                        </categories>
                      </test-case>
                    </results>
                  </test-suite>
                </results>
              </test-suite>
            </results>
          </test-suite>
        </results>
      </test-suite>
    </results>
  </test-suite>
</test-results>