<?xml version="1.0" encoding="utf-8" standalone="no"?>
<!--This file represents the results of running a test suite-->
<test-results name="C:\dev\interviews\fellowshipTech\FellowshipLib\FellowshipLib.csproj" total="12" errors="0" failures="0" not-run="0" inconclusive="0" ignored="0" skipped="0" invalid="0" date="2011-08-06" time="15:33:16">
  <environment nunit-version="2.5.9.10348" clr-version="2.0.50727.5446" os-version="Microsoft Windows NT 6.1.7601 Service Pack 1" platform="Win32NT" cwd="C:\Program Files (x86)\NUnit 2.5.9\bin\net-2.0" machine-name="STEVENPROCTEA4D" user="Administrator" user-domain="STEVENPROCTEA4D" />
  <culture-info current-culture="en-US" current-uiculture="en-US" />
  <test-suite type="Project" name="C:\dev\interviews\fellowshipTech\FellowshipLib\FellowshipLib.csproj" executed="True" result="Success" success="True" time="2.119" asserts="0">
    <results>
      <test-suite type="Assembly" name="C:\dev\interviews\fellowshipTech\FellowshipLib\bin\Debug\FellowshipLib.dll" executed="True" result="Success" success="True" time="2.105" asserts="0">
        <results>
          <test-suite type="Namespace" name="FellowshipLib" executed="True" result="Success" success="True" time="2.104" asserts="0">
            <results>
              <test-suite type="Namespace" name="Extensions" executed="True" result="Success" success="True" time="0.105" asserts="0">
                <results>
                  <test-suite type="TestFixture" name="SafeTrimTests" executed="True" result="Success" success="True" time="0.102" asserts="0">
                    <results>
                      <test-suite type="ParameterizedTest" name="WhenSafeTrimIsCalledOnAString_TheStringShouldBeTrimmed" executed="True" result="Success" success="True" time="0.089" asserts="0">
                        <results>
                          <test-case name="FellowshipLib.Extensions.SafeTrimTests.WhenSafeTrimIsCalledOnAString_TheStringShouldBeTrimmed(&quot;&quot;,&quot;&quot;)" executed="True" result="Success" success="True" time="0.056" asserts="1" />
                          <test-case name="FellowshipLib.Extensions.SafeTrimTests.WhenSafeTrimIsCalledOnAString_TheStringShouldBeTrimmed(&quot;    &quot;,&quot;&quot;)" executed="True" result="Success" success="True" time="0.000" asserts="1" />
                          <test-case name="FellowshipLib.Extensions.SafeTrimTests.WhenSafeTrimIsCalledOnAString_TheStringShouldBeTrimmed(null,&quot;&quot;)" executed="True" result="Success" success="True" time="0.000" asserts="1" />
                          <test-case name="FellowshipLib.Extensions.SafeTrimTests.WhenSafeTrimIsCalledOnAString_TheStringShouldBeTrimmed(&quot;1234&quot;,&quot;1234&quot;)" executed="True" result="Success" success="True" time="0.000" asserts="1" />
                          <test-case name="FellowshipLib.Extensions.SafeTrimTests.WhenSafeTrimIsCalledOnAString_TheStringShouldBeTrimmed(&quot;1234  &quot;,&quot;1234&quot;)" executed="True" result="Success" success="True" time="0.000" asserts="1" />
                          <test-case name="FellowshipLib.Extensions.SafeTrimTests.WhenSafeTrimIsCalledOnAString_TheStringShouldBeTrimmed(&quot;   1234&quot;,&quot;1234&quot;)" executed="True" result="Success" success="True" time="0.000" asserts="1" />
                          <test-case name="FellowshipLib.Extensions.SafeTrimTests.WhenSafeTrimIsCalledOnAString_TheStringShouldBeTrimmed(&quot;   1234  &quot;,&quot;1234&quot;)" executed="True" result="Success" success="True" time="0.000" asserts="1" />
                        </results>
                      </test-suite>
                    </results>
                  </test-suite>
                </results>
              </test-suite>
              <test-suite type="TestFixture" name="PersonQueryTests" executed="True" result="Success" success="True" time="1.979" asserts="0">
                <results>
                  <test-case name="FellowshipLib.PersonQueryTests.WhenSearchingForAPerson_AndAPageNumberIsSpecified_ItShouldReturnTheResultsForThatPage" executed="True" result="Success" success="True" time="1.274" asserts="0">
                    <categories>
                      <category name="IntegrationTest" />
                    </categories>
                  </test-case>
                  <test-case name="FellowshipLib.PersonQueryTests.WhenSearchingForAPerson_AndAPageNumberLargerThanTheTotalPagesIsSpecified_ItShouldReturnNoResultsForThatPage" executed="True" result="Success" success="True" time="0.219" asserts="0">
                    <categories>
                      <category name="IntegrationTest" />
                    </categories>
                  </test-case>
                  <test-case name="FellowshipLib.PersonQueryTests.WhenSearchingForAPerson_WithANameOfA_ItShouldReturnAPeopleSearchResults" executed="True" result="Success" success="True" time="0.188" asserts="0">
                    <categories>
                      <category name="IntegrationTest" />
                    </categories>
                  </test-case>
                  <test-case name="FellowshipLib.PersonQueryTests.WhenSearchingForAPerson_WithANameOfMeyer_ItShouldReturnAPeopleSearchResults" executed="True" result="Success" success="True" time="0.078" asserts="0">
                    <categories>
                      <category name="IntegrationTest" />
                    </categories>
                  </test-case>
                  <test-case name="FellowshipLib.PersonQueryTests.WhenSearchingForAPerson_WithNoNameSpecified_ItShouldBeTheSameAsAWildcardSearch" executed="True" result="Success" success="True" time="0.203" asserts="0">
                    <categories>
                      <category name="IntegrationTest" />
                    </categories>
                  </test-case>
                </results>
              </test-suite>
            </results>
          </test-suite>
        </results>
      </test-suite>
    </results>
  </test-suite>
</test-results>