<?xml version="1.0" encoding="utf-8" standalone="no"?>
<!--This file represents the results of running a test suite-->
<test-results name="C:\dev\interviews\fellowshipTech\FellowshipLib\FellowshipLib.csproj" total="1" errors="1" failures="0" not-run="0" inconclusive="0" ignored="0" skipped="0" invalid="0" date="2011-08-06" time="16:28:06">
  <environment nunit-version="2.5.9.10348" clr-version="2.0.50727.5446" os-version="Microsoft Windows NT 6.1.7601 Service Pack 1" platform="Win32NT" cwd="C:\Program Files (x86)\NUnit 2.5.9\bin\net-2.0" machine-name="STEVENPROCTEA4D" user="Administrator" user-domain="STEVENPROCTEA4D" />
  <culture-info current-culture="en-US" current-uiculture="en-US" />
  <test-suite type="Project" name="C:\dev\interviews\fellowshipTech\FellowshipLib\FellowshipLib.csproj" executed="True" result="Failure" success="False" time="66.609" asserts="0">
    <results>
      <test-suite type="Assembly" name="C:\dev\interviews\fellowshipTech\FellowshipLib\bin\Debug\FellowshipLib.dll" executed="True" result="Failure" success="False" time="66.594" asserts="0">
        <results>
          <test-suite type="Namespace" name="FellowshipLib" executed="True" result="Failure" success="False" time="66.594" asserts="0">
            <results>
              <test-suite type="TestFixture" name="PersonLookupTests" executed="True" result="Failure" success="False" time="66.594" asserts="0">
                <results>
                  <test-case name="FellowshipLib.PersonLookupTests.WhenSearchingForAUserByAnInvctalidId_TheUserShouldNotBeNull" executed="True" result="Error" success="False" time="66.594" asserts="0">
                    <categories>
                      <category name="IntegrationTests" />
                    </categories>
                    <failure>
                      <message><![CDATA[System.NullReferenceException : Object reference not set to an instance of an object.]]></message>
                      <stack-trace><![CDATA[at FellowshipLib.FellowshipAPI.SendRequest[T](RestRequest request) in C:\dev\interviews\fellowshipTech\FellowshipLib\FellowshipAPI.cs:line 20
at FellowshipLib.GetRequest`1.Get() in C:\dev\interviews\fellowshipTech\FellowshipLib\GetRequest.cs:line 20
at FellowshipLib.PersonLookup.FindPerson() in C:\dev\interviews\fellowshipTech\FellowshipLib\PersonLookup.cs:line 22
at FellowshipLib.PersonLookupTests.WhenSearchingForAUserByAnInvctalidId_TheUserShouldNotBeNull() in C:\dev\interviews\fellowshipTech\FellowshipLib\PersonLookupTests.cs:line 28
]]></stack-trace>
                    </failure>
                  </test-case>
                </results>
              </test-suite>
            </results>
          </test-suite>
        </results>
      </test-suite>
    </results>
  </test-suite>
</test-results>