<?xml version="1.0" encoding="utf-8" standalone="no"?>
<!--This file represents the results of running a test suite-->
<test-results name="C:\dev\interviews\fellowshipTech\FellowshipLib\FellowshipLib.csproj" total="1" errors="0" failures="1" not-run="0" inconclusive="0" ignored="0" skipped="0" invalid="0" date="2011-07-07" time="20:15:44">
  <environment nunit-version="2.5.9.10348" clr-version="2.0.50727.5446" os-version="Microsoft Windows NT 6.1.7601 Service Pack 1" platform="Win32NT" cwd="C:\Program Files (x86)\NUnit 2.5.9\bin\net-2.0" machine-name="STEVENPROCTEA4D" user="Administrator" user-domain="STEVENPROCTEA4D" />
  <culture-info current-culture="en-US" current-uiculture="en-US" />
  <test-suite type="Project" name="C:\dev\interviews\fellowshipTech\FellowshipLib\FellowshipLib.csproj" executed="True" result="Failure" success="False" time="48.137" asserts="0">
    <results>
      <test-suite type="Assembly" name="C:\dev\interviews\fellowshipTech\FellowshipLib\bin\Debug\FellowshipLib.dll" executed="True" result="Failure" success="False" time="48.121" asserts="0">
        <results>
          <test-suite type="Namespace" name="FellowshipLib" executed="True" result="Failure" success="False" time="48.121" asserts="0">
            <results>
              <test-suite type="Namespace" name="Tests" executed="True" result="Failure" success="False" time="48.121" asserts="0">
                <results>
                  <test-suite type="TestFixture" name="EditAddressRequestTests" executed="True" result="Failure" success="False" time="48.121" asserts="0">
                    <results>
                      <test-suite type="ParameterizedTest" name="WhenCallingEditAddressFor_AnInvalidPerson_AndAValidAddressId_ItShouldReturnThatAddress" executed="True" result="Failure" success="False" time="48.105" asserts="0">
                        <categories>
                          <category name="IntegrationTest" />
                        </categories>
                        <results>
                          <test-case name="FellowshipLib.Tests.EditAddressRequestTests.WhenCallingEditAddressFor_AnInvalidPerson_AndAValidAddressId_ItShouldReturnThatAddress()" executed="True" result="Failure" success="False" time="48.105" asserts="0">
                            <failure>
                              <message><![CDATA[Expected False, but found True.]]></message>
                              <stack-trace><![CDATA[at FluentAssertions.Frameworks.LateBoundTestFramework.Throw(String message)
at FluentAssertions.Frameworks.AssertionHelper.Throw(String message)
at FluentAssertions.Verification.FailWith(String failureMessage, Object[] failureArgs)
at FluentAssertions.Assertions.BooleanAssertions.BeFalse(String reason, Object[] reasonArgs)
at FluentAssertions.Assertions.BooleanAssertions.BeFalse()
at FellowshipLib.Tests.EditAddressRequestTests.WhenCallingEditAddressFor_AnInvalidPerson_AndAValidAddressId_ItShouldReturnThatAddress() in C:\dev\interviews\fellowshipTech\FellowshipLib\Tests\EditAddressRequestTests.cs:line 38
]]></stack-trace>
                            </failure>
                          </test-case>
                        </results>
                      </test-suite>
                    </results>
                  </test-suite>
                </results>
              </test-suite>
            </results>
          </test-suite>
        </results>
      </test-suite>
    </results>
  </test-suite>
</test-results>