<?xml version="1.0" encoding="utf-8" standalone="no"?>
<!--This file represents the results of running a test suite-->
<test-results name="C:\dev\interviews\fellowshipTech\FellowshipLib\FellowshipLib.csproj" total="1" errors="0" failures="0" not-run="0" inconclusive="0" ignored="0" skipped="0" invalid="0" date="2011-08-07" time="00:21:50">
  <environment nunit-version="2.5.9.10348" clr-version="2.0.50727.5446" os-version="Microsoft Windows NT 6.1.7601 Service Pack 1" platform="Win32NT" cwd="C:\Program Files (x86)\NUnit 2.5.9\bin\net-2.0" machine-name="STEVENPROCTEA4D" user="Administrator" user-domain="STEVENPROCTEA4D" />
  <culture-info current-culture="en-US" current-uiculture="en-US" />
  <test-suite type="Project" name="C:\dev\interviews\fellowshipTech\FellowshipLib\FellowshipLib.csproj" executed="True" result="Success" success="True" time="126.062" asserts="0">
    <results>
      <test-suite type="Assembly" name="C:\dev\interviews\fellowshipTech\FellowshipLib\bin\Debug\FellowshipLib.dll" executed="True" result="Success" success="True" time="126.062" asserts="0">
        <results>
          <test-suite type="Namespace" name="FellowshipLib" executed="True" result="Success" success="True" time="126.062" asserts="0">
            <results>
              <test-suite type="TestFixture" name="PersonLookupTests" executed="True" result="Success" success="True" time="126.062" asserts="0">
                <results>
                  <test-case name="FellowshipLib.PersonLookupTests.WhenSearchingForAUserByAnInvalidId_TheUserShouldNotBeNull" executed="True" result="Success" success="True" time="126.062" asserts="0">
                    <categories>
                      <category name="IntegrationTests" />
                    </categories>
                  </test-case>
                </results>
              </test-suite>
            </results>
          </test-suite>
        </results>
      </test-suite>
    </results>
  </test-suite>
</test-results>